<?xml version="1.0" encoding="UTF-8"?>
<testsuites name="01_System_Test_Suite" time="122.362" tests="3" failures="0" errors="0">
   <testsuite name="01_System_Test_Suite" tests="3" failures="0" errors="0" time="122.362" skipped="0" timestamp="2022-09-19 15:03:45" hostname="raj09 - LAPTOP-IP13EE2V" id="Test Suites/01_System_Test_Suite">
      <properties>
         <property name="deviceName" value=""/>
         <property name="devicePlatform" value=""/>
         <property name="logFolder" value="C:\\Users\\raj09\\Developer\\katalon\\kat-tests\\Reports\\20220919_150337\\01_System_Test_Suite\\20220919_150337"/>
         <property name="logFiles" value="C:\\Users\\raj09\\Developer\\katalon\\kat-tests\\Reports\\20220919_150337\\01_System_Test_Suite\\20220919_150337\\execution0.log"/>
         <property name="attachments" value=""/>
         <property name="hostName" value="raj09 - LAPTOP-IP13EE2V"/>
         <property name="os" value="Windows 10 64bit"/>
         <property name="katalonVersion" value="8.4.1.208"/>
         <property name="browser" value="Chrome 105.0.0.0"/>
         <property name="hostAddress" value="192.168.116.1"/>
         <property name="sessionId" value="2800b51baa6a57871e3db0795b94be4a"/>
         <property name="seleniumVersion" value="3.141.59"/>
         <property name="proxyInformation" value="ProxyInformation { proxyOption=NO_PROXY, proxyServerType=HTTP, username=, password=********, proxyServerAddress=, proxyServerPort=0, executionList=&quot;&quot;, isApplyToDesiredCapabilities=true }"/>
         <property name="platform" value="Windows 10"/>
      </properties>
      <testcase name="Test Cases/02_System_Tests/Instance_Retrieval/instance_retrieval_on_demand" time="8.987" classname="Test Cases/02_System_Tests/Instance_Retrieval/instance_retrieval_on_demand" status="PASSED">
         <system-out><![CDATA[2022-09-19 15:03:45 - [TEST_CASE][PASSED] - Test Cases/02_System_Tests/Instance_Retrieval/instance_retrieval_on_demand: Test Cases/02_System_Tests/Instance_Retrieval/instance_retrieval_on_demand

2022-09-19 15:03:46 - [TEST_STEP][PASSED] - openBrowser("http://localhost:5000"): Browser is opened with url: 'http://localhost:5000'

2022-09-19 15:03:46 - [MESSAGE][INFO] - Starting 'Chrome' driver

2022-09-19 15:03:46 - [MESSAGE][INFO] - Action delay is set to 0 milliseconds

2022-09-19 15:03:49 - [MESSAGE][PASSED] - Browser is opened with url: 'http://localhost:5000'

2022-09-19 15:03:49 - [TEST_STEP][PASSED] - login_user = "Rajesh": null

2022-09-19 15:03:49 - [TEST_STEP][PASSED] - setText(findTestObject("01_Page_Objects/login_page/user_name_field"), logged_in_user): Text 'Rajesh' is set on object 'Object Repository/01_Page_Objects/login_page/user_name_field'

2022-09-19 15:03:50 - [MESSAGE][PASSED] - Text 'Rajesh' is set on object 'Object Repository/01_Page_Objects/login_page/user_name_field'

2022-09-19 15:03:50 - [TEST_STEP][PASSED] - click(findTestObject("01_Page_Objects/login_page/login_button")): Object: 'Object Repository/01_Page_Objects/login_page/login_button' is clicked on

2022-09-19 15:03:51 - [MESSAGE][PASSED] - Object: 'Object Repository/01_Page_Objects/login_page/login_button' is clicked on

2022-09-19 15:03:51 - [TEST_STEP][PASSED] - verifyTextPresent(logged_in_user, false): Text 'Rajesh' is present on page 

2022-09-19 15:03:51 - [MESSAGE][PASSED] - Text 'Rajesh' is present on page 

2022-09-19 15:03:51 - [TEST_STEP][PASSED] - click(findTestObject("01_Page_Objects/user_portal_for_instance_creation/show_instances_status_page")): Object: 'Object Repository/01_Page_Objects/user_portal_for_instance_creation/show_instances_status_page' is clicked on

2022-09-19 15:03:53 - [MESSAGE][PASSED] - Object: 'Object Repository/01_Page_Objects/user_portal_for_instance_creation/show_instances_status_page' is clicked on

2022-09-19 15:03:53 - [TEST_STEP][PASSED] - verifyTextPresent("running", false): Text 'running' is present on page 

2022-09-19 15:03:54 - [MESSAGE][PASSED] - Text 'running' is present on page 

2022-09-19 15:03:54 - [TEST_STEP][PASSED] - closeBrowser(): Browser is closed

2022-09-19 15:03:54 - [MESSAGE][PASSED] - Browser is closed]]></system-out>
         <system-err><![CDATA[]]></system-err>
      </testcase>
      <testcase name="Test Cases/02_System_Tests/Instance_Retrieval/instance_retrieval_on_demand" time="6.43" classname="Test Cases/02_System_Tests/Instance_Retrieval/instance_retrieval_on_demand" status="PASSED">
         <system-out><![CDATA[2022-09-19 15:03:54 - [TEST_CASE][PASSED] - Test Cases/02_System_Tests/Instance_Retrieval/instance_retrieval_on_demand: Test Cases/02_System_Tests/Instance_Retrieval/instance_retrieval_on_demand

2022-09-19 15:03:54 - [TEST_STEP][PASSED] - openBrowser("http://localhost:5000"): Browser is opened with url: 'http://localhost:5000'

2022-09-19 15:03:54 - [MESSAGE][INFO] - Starting 'Chrome' driver

2022-09-19 15:03:54 - [MESSAGE][INFO] - Action delay is set to 0 milliseconds

2022-09-19 15:03:56 - [MESSAGE][PASSED] - Browser is opened with url: 'http://localhost:5000'

2022-09-19 15:03:56 - [TEST_STEP][PASSED] - login_user = "Rajesh": null

2022-09-19 15:03:56 - [TEST_STEP][PASSED] - setText(findTestObject("01_Page_Objects/login_page/user_name_field"), logged_in_user): Text 'Brad' is set on object 'Object Repository/01_Page_Objects/login_page/user_name_field'

2022-09-19 15:03:57 - [MESSAGE][PASSED] - Text 'Brad' is set on object 'Object Repository/01_Page_Objects/login_page/user_name_field'

2022-09-19 15:03:57 - [TEST_STEP][PASSED] - click(findTestObject("01_Page_Objects/login_page/login_button")): Object: 'Object Repository/01_Page_Objects/login_page/login_button' is clicked on

2022-09-19 15:03:58 - [MESSAGE][PASSED] - Object: 'Object Repository/01_Page_Objects/login_page/login_button' is clicked on

2022-09-19 15:03:58 - [TEST_STEP][PASSED] - verifyTextPresent(logged_in_user, false): Text 'Brad' is present on page 

2022-09-19 15:03:58 - [MESSAGE][PASSED] - Text 'Brad' is present on page 

2022-09-19 15:03:58 - [TEST_STEP][PASSED] - click(findTestObject("01_Page_Objects/user_portal_for_instance_creation/show_instances_status_page")): Object: 'Object Repository/01_Page_Objects/user_portal_for_instance_creation/show_instances_status_page' is clicked on

2022-09-19 15:04:00 - [MESSAGE][PASSED] - Object: 'Object Repository/01_Page_Objects/user_portal_for_instance_creation/show_instances_status_page' is clicked on

2022-09-19 15:04:00 - [TEST_STEP][PASSED] - verifyTextPresent("running", false): Text 'running' is present on page 

2022-09-19 15:04:00 - [MESSAGE][PASSED] - Text 'running' is present on page 

2022-09-19 15:04:00 - [TEST_STEP][PASSED] - closeBrowser(): Browser is closed

2022-09-19 15:04:01 - [MESSAGE][PASSED] - Browser is closed]]></system-out>
         <system-err><![CDATA[]]></system-err>
      </testcase>
      <testcase name="Test Cases/02_System_Tests/Instance_Creation/instance_creation_with_hello_world_message" time="106.428" classname="Test Cases/02_System_Tests/Instance_Creation/instance_creation_with_hello_world_message" status="PASSED">
         <system-out><![CDATA[2022-09-19 15:04:01 - [TEST_CASE][PASSED] - Test Cases/02_System_Tests/Instance_Creation/instance_creation_with_hello_world_message: Test Cases/02_System_Tests/Instance_Creation/instance_creation_with_hello_world_message

2022-09-19 15:04:01 - [TEST_STEP][PASSED] - openBrowser("http://localhost:5000"): Browser is opened with url: 'http://localhost:5000'

2022-09-19 15:04:01 - [MESSAGE][INFO] - Starting 'Chrome' driver

2022-09-19 15:04:01 - [MESSAGE][INFO] - Action delay is set to 0 milliseconds

2022-09-19 15:04:03 - [MESSAGE][PASSED] - Browser is opened with url: 'http://localhost:5000'

2022-09-19 15:04:03 - [TEST_STEP][PASSED] - login_user = "Rajesh": null

2022-09-19 15:04:03 - [TEST_STEP][PASSED] - setText(findTestObject("01_Page_Objects/login_page/user_name_field"), logged_in_user): Text 'Rajesh' is set on object 'Object Repository/01_Page_Objects/login_page/user_name_field'

2022-09-19 15:04:04 - [MESSAGE][PASSED] - Text 'Rajesh' is set on object 'Object Repository/01_Page_Objects/login_page/user_name_field'

2022-09-19 15:04:04 - [TEST_STEP][PASSED] - click(findTestObject("01_Page_Objects/login_page/login_button")): Object: 'Object Repository/01_Page_Objects/login_page/login_button' is clicked on

2022-09-19 15:04:04 - [MESSAGE][PASSED] - Object: 'Object Repository/01_Page_Objects/login_page/login_button' is clicked on

2022-09-19 15:04:04 - [TEST_STEP][PASSED] - verifyTextPresent("Rajesh", false): Text 'Rajesh' is present on page 

2022-09-19 15:04:05 - [MESSAGE][PASSED] - Text 'Rajesh' is present on page 

2022-09-19 15:04:05 - [TEST_STEP][PASSED] - click(findTestObject("01_Page_Objects/user_portal_for_instance_creation/create_instance_button")): Object: 'Object Repository/01_Page_Objects/user_portal_for_instance_creation/create_instance_button' is clicked on

2022-09-19 15:04:08 - [MESSAGE][PASSED] - Object: 'Object Repository/01_Page_Objects/user_portal_for_instance_creation/create_instance_button' is clicked on

2022-09-19 15:04:08 - [TEST_STEP][PASSED] - delay(3): Delayed 3 second(s)

2022-09-19 15:04:11 - [MESSAGE][PASSED] - Delayed 3 second(s)

2022-09-19 15:04:11 - [TEST_STEP][PASSED] - created_instance_text = getText(findTestObject("01_Page_Objects/user_portal_for_instance_creation/created_instance_id")): Text of object 'Object Repository/01_Page_Objects/user_portal_for_instance_creation/created_instance_id' is: 'Instance id: i-002dc3e34933d840a'

2022-09-19 15:04:12 - [MESSAGE][PASSED] - Text of object 'Object Repository/01_Page_Objects/user_portal_for_instance_creation/created_instance_id' is: 'Instance id: i-002dc3e34933d840a'

2022-09-19 15:04:12 - [TEST_STEP][PASSED] - str = created_instance_text.split(" "): null

2022-09-19 15:04:12 - [TEST_STEP][PASSED] - created_instance = str.last(): null

2022-09-19 15:04:12 - [TEST_STEP][PASSED] - println(created_instance): null

2022-09-19 15:04:12 - [TEST_STEP][PASSED] - verifyTextPresent("i-[0-9a-z]+", true): Text 'i-[0-9a-z]+' is present on page  using regular expression

2022-09-19 15:04:12 - [MESSAGE][PASSED] - Text 'i-[0-9a-z]+' is present on page  using regular expression

2022-09-19 15:04:12 - [TEST_STEP][PASSED] - delay(60): Delayed 60 second(s)

2022-09-19 15:05:12 - [MESSAGE][PASSED] - Delayed 60 second(s)

2022-09-19 15:05:12 - [TEST_STEP][PASSED] - click(findTestObject("01_Page_Objects/user_portal_for_instance_creation/show_instances_status_page")): Object: 'Object Repository/01_Page_Objects/user_portal_for_instance_creation/show_instances_status_page' is clicked on

2022-09-19 15:05:14 - [MESSAGE][PASSED] - Object: 'Object Repository/01_Page_Objects/user_portal_for_instance_creation/show_instances_status_page' is clicked on

2022-09-19 15:05:14 - [TEST_STEP][PASSED] - final_text = getText(findTestObject("01_Page_Objects/instances_listing_page/my_instance")): Text of object 'Object Repository/01_Page_Objects/instances_listing_page/my_instance' is: '('i-002dc3e34933d840a', 'running', 'ec2-54-90-78-123.compute-1.amazonaws.com')'

2022-09-19 15:05:45 - [MESSAGE][INFO] - Unable to find the element located by 'By.xpath: //*[(contains(text(), '${instance_id}') or contains(., '${instance_id}'))]'. Please recheck the objects properties to make sure the desired element is located. 

2022-09-19 15:05:45 - [MESSAGE][WARNING] - [SELF-HEALING] Failed to find element with id 'Object Repository/01_Page_Objects/instances_listing_page/my_instance'. Try using Self-healing.

2022-09-19 15:05:46 - [MESSAGE][WARNING] - [SELF-HEALING] The current locator of test object 'Object Repository/01_Page_Objects/instances_listing_page/my_instance' was broken. Propose an alternative one: '(.//*[normalize-space(text()) and normalize-space(.)='Instance list:'])[1]/following::li[1]'.

2022-09-19 15:05:46 - [MESSAGE][PASSED] - Text of object 'Object Repository/01_Page_Objects/instances_listing_page/my_instance' is: '('i-002dc3e34933d840a', 'running', 'ec2-54-90-78-123.compute-1.amazonaws.com')'

2022-09-19 15:05:46 - [TEST_STEP][PASSED] - println(final_text): null

2022-09-19 15:05:46 - [TEST_STEP][PASSED] - assert final_text.contains("running"): null

2022-09-19 15:05:46 - [TEST_STEP][PASSED] - pub_addr = last().split("'")[1]: null

2022-09-19 15:05:46 - [TEST_STEP][PASSED] - navigateToUrl("http://" + pub_addr + ":80"): Navigate to 'http://ec2-54-90-78-123.compute-1.amazonaws.com:80' successfully

2022-09-19 15:05:46 - [MESSAGE][PASSED] - Navigate to 'http://ec2-54-90-78-123.compute-1.amazonaws.com:80' successfully

2022-09-19 15:05:46 - [TEST_STEP][PASSED] - verifyTextPresent(expected_message, false): Text 'Hello Rajesh!' is present on page 

2022-09-19 15:05:46 - [MESSAGE][PASSED] - Text 'Hello Rajesh!' is present on page 

2022-09-19 15:05:46 - [TEST_STEP][PASSED] - closeBrowser(): Browser is closed

2022-09-19 15:05:47 - [MESSAGE][PASSED] - Browser is closed]]></system-out>
         <system-err><![CDATA[]]></system-err>
      </testcase>
      <system-out><![CDATA[2022-09-19 15:03:45 - [TEST_SUITE][PASSED] - 01_System_Test_Suite: Test Cases/02_System_Tests/Instance_Creation/instance_creation_with_hello_world_message]]></system-out>
      <system-err><![CDATA[]]></system-err>
   </testsuite>
</testsuites>
