<?xml version="1.0" encoding="UTF-8"?>
<testsuites name="Integration" time="3.756" tests="1" failures="0" errors="0">
   <testsuite name="Integration" tests="1" failures="0" errors="0" time="3.756" skipped="0" timestamp="2022-09-18 19:21:05" hostname="raj09 - LAPTOP-IP13EE2V" id="Test Suites/Integration">
      <properties>
         <property name="deviceName" value=""/>
         <property name="devicePlatform" value=""/>
         <property name="logFolder" value="C:\\Users\\raj09\\Developer\\katalon\\kat-tests\\Reports\\20220918_192042\\Integration\\20220918_192047"/>
         <property name="logFiles" value="C:\\Users\\raj09\\Developer\\katalon\\kat-tests\\Reports\\20220918_192042\\Integration\\20220918_192047\\execution0.log"/>
         <property name="attachments" value=""/>
         <property name="hostName" value="raj09 - LAPTOP-IP13EE2V"/>
         <property name="hostAddress" value="192.168.116.1"/>
         <property name="os" value="Windows 10 64bit"/>
         <property name="katalonVersion" value="8.4.1.208"/>
      </properties>
      <testcase name="Test Cases/getInstances" time="3.462" classname="Test Cases/getInstances" status="PASSED">
         <system-out><![CDATA[2022-09-18 19:21:06 - [TEST_CASE][PASSED] - Test Cases/getInstances: Test Cases/getInstances

2022-09-18 19:21:06 - [TEST_STEP][PASSED] - response = sendRequest(findTestObject("ws_objects/getInstances")): Send request successfully

2022-09-18 19:21:09 - [MESSAGE][INFO] - HAR: C:\Users\raj09\Developer\katalon\kat-tests\Reports\20220918_192042\Integration\20220918_192047\requests\main\0.har

2022-09-18 19:21:09 - [MESSAGE][PASSED] - Send request successfully

2022-09-18 19:21:09 - [TEST_STEP][PASSED] - verifyResponseStatusCode(response, 200): Verify response status code successfully

2022-09-18 19:21:09 - [MESSAGE][PASSED] - Verify response status code successfully

2022-09-18 19:21:09 - [TEST_STEP][PASSED] - instance_count = getElementPropertyValue(response, "count"): null

2022-09-18 19:21:09 - [TEST_STEP][PASSED] - assert instance_count > 0: null]]></system-out>
         <system-err><![CDATA[]]></system-err>
      </testcase>
      <system-out><![CDATA[2022-09-18 19:21:05 - [TEST_SUITE][PASSED] - Integration: Test Cases/getInstances]]></system-out>
      <system-err><![CDATA[]]></system-err>
   </testsuite>
</testsuites>
