<?xml version="1.0" encoding="UTF-8"?>
<testsuites name="Regression" time="1.114" tests="0" failures="0" errors="0">
   <testsuite name="Regression" tests="0" failures="0" errors="0" time="1.114" skipped="0" timestamp="2022-09-18 14:44:51" hostname="raj09 - LAPTOP-IP13EE2V" id="Test Suites/Regression">
      <properties>
         <property name="deviceName" value=""/>
         <property name="devicePlatform" value=""/>
         <property name="logFolder" value="C:\\Users\\raj09\\Developer\\katalon\\kat-tests\\Reports\\20220918_144433\\Regression\\20220918_144444"/>
         <property name="logFiles" value="C:\\Users\\raj09\\Developer\\katalon\\kat-tests\\Reports\\20220918_144433\\Regression\\20220918_144444\\execution0.log"/>
         <property name="attachments" value=""/>
         <property name="hostName" value="raj09 - LAPTOP-IP13EE2V"/>
         <property name="hostAddress" value="192.168.116.1"/>
         <property name="os" value="Windows 10 64bit"/>
         <property name="katalonVersion" value="8.4.1.208"/>
      </properties>
      <system-out><![CDATA[2022-09-18 14:44:51 - [TEST_SUITE][PASSED] - Regression: null]]></system-out>
      <system-err><![CDATA[]]></system-err>
   </testsuite>
</testsuites>
